<?xml version="1.0" encoding="UTF-8"?>
<!-- Generated by org.testng.reporters.JUnitReportReporter -->
<testsuite hostname="TML-CT-SATISH" failures="0" tests="1" name="TestNG_Framework.day1" time="0.015" errors="0" timestamp="06 May 2021 14:13:47 GMT" skipped="0">
  <testcase classname="TestNG_Framework.day1" name="demo" time="0.015"/>
</testsuite> <!-- TestNG_Framework.day1 -->
