<?xml version="1.0" encoding="UTF-8"?>
<!-- Generated by org.testng.reporters.JUnitReportReporter -->
<testsuite hostname="TML-CT-SATISH" failures="0" tests="3" name="TestNG_Framework.CarLoan" time="0.020" errors="0" timestamp="07 May 2021 15:11:57 GMT" skipped="1">
  <testcase classname="TestNG_Framework.CarLoan" name="carLoanAPILogin" time="0.018"/>
  <testcase classname="TestNG_Framework.CarLoan" name="carLoanMobileLogin" time="0.002"/>
  <testcase classname="TestNG_Framework.CarLoan" name="carLoanWebLogin">
    <skipped/>
  </testcase> <!-- carLoanWebLogin -->
</testsuite> <!-- TestNG_Framework.CarLoan -->
