<?xml version="1.0" encoding="UTF-8"?>
<!-- Generated by org.testng.reporters.JUnitReportReporter -->
<testsuite hostname="TML-CT-SATISH" failures="0" tests="2" name="TestNG_Framework.day2" time="0.007" errors="0" timestamp="06 May 2021 14:13:47 GMT" skipped="0">
  <testcase classname="TestNG_Framework.day2" name="sum" time="0.004"/>
  <testcase classname="TestNG_Framework.day2" name="subtract" time="0.003"/>
</testsuite> <!-- TestNG_Framework.day2 -->
