<?xml version="1.0" encoding="UTF-8"?>
<!-- Generated by org.testng.reporters.JUnitReportReporter -->
<testsuite hostname="TML-CT-SATISH" failures="0" tests="3" name="TestNG_Framework.HomeLoan" time="0.009" errors="0" timestamp="08 May 2021 12:59:23 GMT" skipped="0">
  <testcase classname="TestNG_Framework.HomeLoan" name="homeLoanAPILogin" time="0.003"/>
  <testcase classname="TestNG_Framework.HomeLoan" name="homeLoanWebLogin" time="0.004"/>
  <testcase classname="TestNG_Framework.HomeLoan" name="homeLoanMobileLogin" time="0.002"/>
</testsuite> <!-- TestNG_Framework.HomeLoan -->
