<?xml version="1.0" encoding="UTF-8"?>
<!-- Generated by org.testng.reporters.JUnitReportReporter -->
<testsuite hostname="TML-CT-SATISH" failures="0" tests="3" name="TestNG_Framework.day3" time="0.016" errors="0" timestamp="06 May 2021 14:13:47 GMT" skipped="0">
  <testcase classname="TestNG_Framework.day3" name="carloanWebLogin" time="0.002"/>
  <testcase classname="TestNG_Framework.day3" name="carloanMobileLogin" time="0.008"/>
  <testcase classname="TestNG_Framework.day3" name="carloanAPILogin" time="0.006"/>
</testsuite> <!-- TestNG_Framework.day3 -->
